#
# There is insufficient memory for the Java Runtime Environment to continue.
# Native memory allocation (mmap) failed to map 398458880 bytes. Error detail: G1 virtual space
# Possible reasons:
#   The system is out of physical RAM or swap space
#   This process is running with CompressedOops enabled, and the Java Heap may be blocking the growth of the native heap
# Possible solutions:
#   Reduce memory load on the system
#   Increase physical memory or swap space
#   Check if swap backing store is full
#   Decrease Java heap size (-Xmx/-Xms)
#   Decrease number of Java threads
#   Decrease Java thread stack sizes (-Xss)
#   Set larger code cache with -XX:ReservedCodeCacheSize=
#   JVM is running with Zero Based Compressed Oops mode in which the Java heap is
#     placed in the first 32GB address space. The Java Heap base address is the
#     maximum limit for the native heap growth. Please use -XX:HeapBaseMinAddress
#     to set the Java Heap base and to place the Java Heap above 32GB virtual address.
# This output file may be truncated or incomplete.
#
#  Out of Memory Error (os_windows.cpp:3815), pid=71460, tid=29084
#
# JRE version:  (21.0.3+13) (build )
# Java VM: OpenJDK 64-Bit Server VM (21.0.3+13-b509.11, mixed mode, sharing, tiered, compressed oops, compressed class ptrs, g1 gc, windows-amd64)
# No core dump will be written. Minidumps are not enabled by default on client versions of Windows
#

---------------  S U M M A R Y ------------

Command Line: git4idea.http.GitAskPassApp Username for 'https://github.com': 

Host: 12th Gen Intel(R) Core(TM) i7-12700H, 20 cores, 23G,  Windows 11 , 64 bit Build 26100 (10.0.26100.8246)
Time: Thu Apr 23 19:11:04 2026 South Africa Standard Time elapsed time: 1.196498 seconds (0d 0h 0m 1s)

---------------  T H R E A D  ---------------

Current thread (0x000001defb6a38a0):  JavaThread "Unknown thread" [_thread_in_vm, id=29084, stack(0x000000beaa800000,0x000000beaa900000) (1024K)]

Stack: [0x000000beaa800000,0x000000beaa900000]
Native frames: (J=compiled Java code, j=interpreted, Vv=VM code, C=native code)
V  [jvm.dll+0x6e02f9]
V  [jvm.dll+0x8bd383]
V  [jvm.dll+0x8bf8de]
V  [jvm.dll+0x8bffc3]
V  [jvm.dll+0x2879c6]
V  [jvm.dll+0x6dcac5]
V  [jvm.dll+0x6d0f9a]
V  [jvm.dll+0x35f9bb]
V  [jvm.dll+0x367566]
V  [jvm.dll+0x3b8b56]
V  [jvm.dll+0x3b8e28]
V  [jvm.dll+0x33217c]
V  [jvm.dll+0x332e6b]
V  [jvm.dll+0x8845e9]
V  [jvm.dll+0x3c5f38]
V  [jvm.dll+0x86d80d]
V  [jvm.dll+0x45ab9e]
V  [jvm.dll+0x45c771]
C  [jli.dll+0x52ab]
C  [ucrtbase.dll+0x37b0]
C  [KERNEL32.DLL+0x2e8d7]
C  [ntdll.dll+0x8c3fc]


---------------  P R O C E S S  ---------------

Threads class SMR info:
_java_thread_list=0x00007ffb4270d108, length=0, elements={
}

Java Threads: ( => current thread )
Total: 0

Other Threads:
  0x000001defbd5f870 WorkerThread "GC Thread#0"                     [id=61820, stack(0x000000beaa900000,0x000000beaaa00000) (1024K)]
  0x000001defbd6c620 ConcurrentGCThread "G1 Main Marker"            [id=55208, stack(0x000000beaaa00000,0x000000beaab00000) (1024K)]
  0x000001defbd6dfb0 WorkerThread "G1 Conc#0"                       [id=70256, stack(0x000000beaab00000,0x000000beaac00000) (1024K)]

[error occurred during error reporting (printing all threads), id 0xc0000005, EXCEPTION_ACCESS_VIOLATION (0xc0000005) at pc=0x00007ffb41e052d7]
VM state: not at safepoint (not fully initialized)

VM Mutex/Monitor currently owned by a thread:  ([mutex/lock_event])
[0x00007ffb42781858] Heap_lock - owner thread: 0x000001defb6a38a0

Heap address: 0x0000000684400000, size: 6076 MB, Compressed Oops mode: Zero based, Oop shift amount: 3

CDS archive(s) mapped at: [0x0000000000000000-0x0000000000000000-0x0000000000000000), size 0, SharedBaseAddress: 0x0000000800000000, ArchiveRelocationMode: 1.
Narrow klass base: 0x0000000000000000, Narrow klass shift: 0, Narrow klass range: 0x0

GC Precious Log:
 CardTable entry size: 512
 Card Set container configuration: InlinePtr #cards 4 size 8 Array Of Cards #cards 32 size 80 Howl #buckets 8 coarsen threshold 7372 Howl Bitmap #cards 1024 size 144 coarsen threshold 921 Card regions per heap region 1 cards per card region 8192

Heap:
 garbage-first heap   total 0K, used 0K [0x0000000684400000, 0x0000000800000000)
  region size 4096K, 0 young (0K), 0 survivors (0K)
 Metaspace       used 0K, committed 0K, reserved 0K
  class space    used 0K, committed 0K, reserved 0K

Heap Regions: E=young(eden), S=young(survivor), O=old, HS=humongous(starts), HC=humongous(continues), CS=collection set, F=free, TAMS=top-at-mark-start, PB=parsable bottom

Card table byte_map: [0x000001deff1c0000,0x000001deffda0000] _byte_map_base: 0x000001defbd9e000

Marking Bits: (CMBitMap*) 0x000001defbd5ff70
 Bits: [0x000001de92e50000, 0x000001de98d40000)

GC Heap History (0 events):
No events

Dll operation events (1 events):
Event: 0.006 Loaded shared library C:\Program Files\JetBrains\PhpStorm2024.2\jbr\bin\java.dll

Deoptimization events (0 events):
No events

Classes loaded (0 events):
No events

Classes unloaded (0 events):
No events

Classes redefined (0 events):
No events

Internal exceptions (0 events):
No events

ZGC Phase Switch (0 events):
No events

VM Operations (0 events):
No events

Events (0 events):
No events


Dynamic libraries:
0x00007ff715b10000 - 0x00007ff715b1a000 	C:\Program Files\JetBrains\PhpStorm2024.2\jbr\bin\java.exe
0x00007ffcd6520000 - 0x00007ffcd6787000 	C:\WINDOWS\SYSTEM32\ntdll.dll
0x00007ffcd51f0000 - 0x00007ffcd52b9000 	C:\WINDOWS\System32\KERNEL32.DLL
0x00007ffcd3160000 - 0x00007ffcd3554000 	C:\WINDOWS\System32\KERNELBASE.dll
0x00007ffcd2df0000 - 0x00007ffcd2f3b000 	C:\WINDOWS\System32\ucrtbase.dll
0x00007ffca38f0000 - 0x00007ffca3908000 	C:\Program Files\JetBrains\PhpStorm2024.2\jbr\bin\jli.dll
0x00007ffcbb860000 - 0x00007ffcbb87b000 	C:\Program Files\JetBrains\PhpStorm2024.2\jbr\bin\VCRUNTIME140.dll
0x00007ffcd4890000 - 0x00007ffcd4a55000 	C:\WINDOWS\System32\USER32.dll
0x00007ffcd2080000 - 0x00007ffcd2313000 	C:\WINDOWS\WinSxS\amd64_microsoft.windows.common-controls_6595b64144ccf1df_6.0.26100.8115_none_3e075c82e3354f9c\COMCTL32.dll
0x00007ffcd3dd0000 - 0x00007ffcd3df7000 	C:\WINDOWS\System32\win32u.dll
0x00007ffcd43c0000 - 0x00007ffcd43eb000 	C:\WINDOWS\System32\GDI32.dll
0x00007ffcd5440000 - 0x00007ffcd54e9000 	C:\WINDOWS\System32\msvcrt.dll
0x00007ffcd3f80000 - 0x00007ffcd40ab000 	C:\WINDOWS\System32\gdi32full.dll
0x00007ffcd40b0000 - 0x00007ffcd4153000 	C:\WINDOWS\System32\msvcp_win.dll
0x00007ffcd4f70000 - 0x00007ffcd4fa2000 	C:\WINDOWS\System32\IMM32.DLL
0x00007ffccd450000 - 0x00007ffccd45c000 	C:\Program Files\JetBrains\PhpStorm2024.2\jbr\bin\vcruntime140_1.dll
0x00007ffc73760000 - 0x00007ffc737ed000 	C:\Program Files\JetBrains\PhpStorm2024.2\jbr\bin\msvcp140.dll
0x00007ffb41ac0000 - 0x00007ffb42872000 	C:\Program Files\JetBrains\PhpStorm2024.2\jbr\bin\server\jvm.dll
0x00007ffcd5b10000 - 0x00007ffcd5bc6000 	C:\WINDOWS\System32\ADVAPI32.dll
0x00007ffcd5090000 - 0x00007ffcd5137000 	C:\WINDOWS\System32\sechost.dll
0x00007ffcd4e50000 - 0x00007ffcd4f68000 	C:\WINDOWS\System32\RPCRT4.dll
0x00007ffcd6450000 - 0x00007ffcd64d0000 	C:\WINDOWS\System32\WS2_32.dll
0x00007ffcd2650000 - 0x00007ffcd26ae000 	C:\WINDOWS\SYSTEM32\POWRPROF.dll
0x00007ffcc73f0000 - 0x00007ffcc73fb000 	C:\WINDOWS\SYSTEM32\VERSION.dll
0x00007ffcc7970000 - 0x00007ffcc79a6000 	C:\WINDOWS\SYSTEM32\WINMM.dll
0x00007ffcd2520000 - 0x00007ffcd2534000 	C:\WINDOWS\SYSTEM32\UMPDC.dll
0x00007ffcd1170000 - 0x00007ffcd118b000 	C:\WINDOWS\SYSTEM32\kernel.appcore.dll
0x00007ffcbb8a0000 - 0x00007ffcbb8aa000 	C:\Program Files\JetBrains\PhpStorm2024.2\jbr\bin\jimage.dll
0x00007ffcd26c0000 - 0x00007ffcd2902000 	C:\WINDOWS\SYSTEM32\DBGHELP.DLL
0x00007ffcd5700000 - 0x00007ffcd5a82000 	C:\WINDOWS\System32\combase.dll
0x00007ffcd4fb0000 - 0x00007ffcd5088000 	C:\WINDOWS\System32\OLEAUT32.dll
0x00007ffcd2540000 - 0x00007ffcd257b000 	C:\WINDOWS\SYSTEM32\dbgcore.DLL
0x00007ffcd2f40000 - 0x00007ffcd2fe5000 	C:\WINDOWS\System32\bcryptPrimitives.dll
0x00007ffcbb810000 - 0x00007ffcbb82f000 	C:\Program Files\JetBrains\PhpStorm2024.2\jbr\bin\java.dll

dbghelp: loaded successfully - version: 4.0.5 - missing functions: none
symbol engine: initialized successfully - sym options: 0x614 - pdb path: .;C:\Program Files\JetBrains\PhpStorm2024.2\jbr\bin;C:\WINDOWS\SYSTEM32;C:\WINDOWS\WinSxS\amd64_microsoft.windows.common-controls_6595b64144ccf1df_6.0.26100.8115_none_3e075c82e3354f9c;C:\Program Files\JetBrains\PhpStorm2024.2\jbr\bin\server

VM Arguments:
java_command: git4idea.http.GitAskPassApp Username for 'https://github.com': 
java_class_path (initial): C:/Program Files/JetBrains/PhpStorm2024.2/plugins/vcs-git/lib/git4idea-rt.jar;C:/Program Files/JetBrains/PhpStorm2024.2/lib/externalProcess-rt.jar
Launcher Type: SUN_STANDARD

[Global flags]
     intx CICompilerCount                          = 12                                        {product} {ergonomic}
     uint ConcGCThreads                            = 4                                         {product} {ergonomic}
     uint G1ConcRefinementThreads                  = 15                                        {product} {ergonomic}
   size_t G1HeapRegionSize                         = 4194304                                   {product} {ergonomic}
    uintx GCDrainStackTargetSize                   = 64                                        {product} {ergonomic}
   size_t InitialHeapSize                          = 398458880                                 {product} {ergonomic}
   size_t MarkStackSize                            = 4194304                                   {product} {ergonomic}
   size_t MaxHeapSize                              = 6371147776                                {product} {ergonomic}
   size_t MinHeapDeltaBytes                        = 4194304                                   {product} {ergonomic}
   size_t MinHeapSize                              = 8388608                                   {product} {ergonomic}
    uintx NonNMethodCodeHeapSize                   = 7602480                                {pd product} {ergonomic}
    uintx NonProfiledCodeHeapSize                  = 122027880                              {pd product} {ergonomic}
    uintx ProfiledCodeHeapSize                     = 122027880                              {pd product} {ergonomic}
    uintx ReservedCodeCacheSize                    = 251658240                              {pd product} {ergonomic}
     bool SegmentedCodeCache                       = true                                      {product} {ergonomic}
   size_t SoftMaxHeapSize                          = 6371147776                             {manageable} {ergonomic}
     bool UseCompressedOops                        = true                           {product lp64_product} {ergonomic}
     bool UseG1GC                                  = true                                      {product} {ergonomic}
     bool UseLargePagesIndividualAllocation        = false                                  {pd product} {ergonomic}

Logging:
Log output configuration:
 #0: stdout all=warning uptime,level,tags foldmultilines=false
 #1: stderr all=off uptime,level,tags foldmultilines=false

Environment Variables:
PATH=C:\Program Files\Git\mingw64\libexec\git-core;C:\Program Files\Git\mingw64\libexec\git-core;C:\Program Files\Git\mingw64\bin;C:\Program Files\Git\usr\bin;C:\Users\DBobo\bin;C:\Program Files\Common Files\Oracle\Java\javapath;C:\Python313\Scripts;C:\Python313;C:\Windows\system32;C:\Windows;C:\Windows\System32\Wbem;C:\Windows\System32\WindowsPowerShell\v1.0;C:\Windows\System32\OpenSSH;C:\Program Files (x86)\NVIDIA Corporation\PhysX\Common;C:\Program Files (x86)\dotnet;C:\WINDOWS\system32;C:\WINDOWS;C:\WINDOWS\System32\Wbem;C:\WINDOWS\System32\WindowsPowerShell\v1.0;C:\WINDOWS\System32\OpenSSH;C:\Program Files\PuTTY;C:\Program Files\NVIDIA Corporation\NVIDIA app\NvDLISR;C:\Program Files\dotnet;C:\Program Files\nodejs;C:\ProgramData\chocolatey\bin;C:\Program Files\Git\cmd;C:\Program Files\Docker\Docker\resources\bin;C:\Users\DBobo\AppData\Local\Microsoft\WindowsApps;C:\Users\DBobo\AppData\Local\GitHubDesktop\bin;C:\Users\DBobo\AppData\Roaming\npm;C:\Users\DBobo\AppData\Roaming\Python\Python310\Scripts;C:\users\dbobo\appdata\roaming\python\python313\scripts;C:\users\dbobo\.local\bin;C:\Program Files\Java\jdk-24;C:\Users\DBobo\.lmstudio\bin;C:\Users\DBobo\AppData\Local\Programs\cursor\resources\app\bin;C:\Users\DBobo\AppData\Local\Programs\Antigravity\bin
USERNAME=DBobo
DISPLAY=:0.0
LC_ALL=en_US.UTF-8
TERM=xterm-256color
TMPDIR=C:\Users\DBobo\AppData\Local\Temp
OS=Windows_NT
PROCESSOR_IDENTIFIER=Intel64 Family 6 Model 154 Stepping 3, GenuineIntel
TMP=C:\Users\DBobo\AppData\Local\Temp
TEMP=C:\Users\DBobo\AppData\Local\Temp




Periodic native trim disabled

JNI global refs:
JNI global refs: 0, weak refs: 0

JNI global refs memory usage: 0, weak refs: 0

Process memory usage:
Resident Set Size: 13240K (0% of 24883704K total physical memory with 1225800K free physical memory)

OOME stack traces (most recent first):
Classloader memory used:

---------------  S Y S T E M  ---------------

OS:
 Windows 11 , 64 bit Build 26100 (10.0.26100.8246)
OS uptime: 3 days 11:05 hours
Hyper-V role detected

CPU: total 20 (initial active 20) (10 cores per cpu, 2 threads per core) family 6 model 154 stepping 3 microcode 0x432, cx8, cmov, fxsr, ht, mmx, 3dnowpref, sse, sse2, sse3, ssse3, sse4.1, sse4.2, popcnt, lzcnt, tsc, tscinvbit, avx, avx2, aes, erms, clmul, bmi1, bmi2, adx, sha, fma, vzeroupper, clflush, clflushopt, clwb, hv, serialize, rdtscp, rdpid, fsrm, f16c, cet_ibt, cet_ss
Processor Information for processor 0
  Max Mhz: 2300, Current Mhz: 2300, Mhz Limit: 2300
Processor Information for processor 1
  Max Mhz: 2300, Current Mhz: 2300, Mhz Limit: 2300
Processor Information for processor 2
  Max Mhz: 2300, Current Mhz: 2300, Mhz Limit: 2300
Processor Information for processor 3
  Max Mhz: 2300, Current Mhz: 2300, Mhz Limit: 2300
Processor Information for processor 4
  Max Mhz: 2300, Current Mhz: 2300, Mhz Limit: 2300
Processor Information for processor 5
  Max Mhz: 2300, Current Mhz: 2300, Mhz Limit: 2300
Processor Information for processor 6
  Max Mhz: 2300, Current Mhz: 2300, Mhz Limit: 2300
Processor Information for processor 7
  Max Mhz: 2300, Current Mhz: 2300, Mhz Limit: 2300
Processor Information for processor 8
  Max Mhz: 2300, Current Mhz: 2300, Mhz Limit: 2300
Processor Information for processor 9
  Max Mhz: 2300, Current Mhz: 2300, Mhz Limit: 2300
Processor Information for processor 10
  Max Mhz: 2300, Current Mhz: 2300, Mhz Limit: 2300
Processor Information for processor 11
  Max Mhz: 2300, Current Mhz: 2300, Mhz Limit: 2300
Processor Information for processor 12
  Max Mhz: 2300, Current Mhz: 1700, Mhz Limit: 1679
Processor Information for processor 13
  Max Mhz: 2300, Current Mhz: 1700, Mhz Limit: 1679
Processor Information for processor 14
  Max Mhz: 2300, Current Mhz: 1700, Mhz Limit: 1679
Processor Information for processor 15
  Max Mhz: 2300, Current Mhz: 1700, Mhz Limit: 1679
Processor Information for processor 16
  Max Mhz: 2300, Current Mhz: 1700, Mhz Limit: 1679
Processor Information for processor 17
  Max Mhz: 2300, Current Mhz: 1700, Mhz Limit: 1679
Processor Information for processor 18
  Max Mhz: 2300, Current Mhz: 1700, Mhz Limit: 1679
Processor Information for processor 19
  Max Mhz: 2300, Current Mhz: 1500, Mhz Limit: 1679

Memory: 4k page, system-wide physical 24300M (1197M free)
TotalPageFile size 40684M (AvailPageFile size 274M)
current process WorkingSet (physical memory assigned to process): 12M, peak: 12M
current process commit charge ("private bytes"): 75M, peak: 455M

vm_info: OpenJDK 64-Bit Server VM (21.0.3+13-b509.11) for windows-amd64 JRE (21.0.3+13-b509.11), built on 2024-08-12 by "builduser" with MS VC++ 16.10 / 16.11 (VS2019)

END.
